<?xml version="1.0" encoding="UTF-8"?>
<!-- Generated by org.testng.reporters.JUnitXMLReporter -->
<testsuite ignored="0" hostname="Nasrin_1988" failures="0" tests="3" name="Default test" time="0.031" errors="0" timestamp="16 May 2023 15:26:09 GMT">
  <testcase classname="com.TestNGChallenges.DependsOnMethod" name="getOpenBrowser" time="0.008"/>
  <testcase classname="com.TestNGChallenges.DependsOnMethod" name="getLogIn" time="0.001"/>
  <testcase classname="com.TestNGChallenges.DependsOnMethod" name="getCloseBrowser" time="0.0"/>
</testsuite> <!-- Default test -->
