<?xml version="1.0" encoding="UTF-8"?>
<!-- Generated by org.testng.reporters.JUnitXMLReporter -->
<testsuite ignored="0" hostname="Nasrin_1988" failures="1" tests="1" name="FireFoxTest" time="0.004" errors="0" timestamp="16 May 2023 17:22:54 GMT">
  <testcase classname="com.TestNGChallenges.CrossBrowserTesting" name="@AfterMethod getCloseBrowser" time="0.0">
    <failure type="java.lang.NullPointerException" message="Cannot invoke &amp;quot;org.openqa.selenium.WebDriver.quit()&amp;quot; because &amp;quot;this.driver&amp;quot; is null">
      <![CDATA[java.lang.NullPointerException: Cannot invoke "org.openqa.selenium.WebDriver.quit()" because "this.driver" is null
at com.TestNGChallenges.CrossBrowserTesting.getCloseBrowser(CrossBrowserTesting.java:66)
... Removed 28 stack frames]]>
    </failure>
  </testcase> <!-- @AfterMethod getCloseBrowser -->
  <testcase classname="com.TestNGChallenges.CrossBrowserTesting" name="getLogIn" time="0.0">
    <failure type="java.lang.NullPointerException" message="Cannot invoke &amp;quot;org.openqa.selenium.WebDriver.get(String)&amp;quot; because &amp;quot;this.driver&amp;quot; is null">
      <![CDATA[java.lang.NullPointerException: Cannot invoke "org.openqa.selenium.WebDriver.get(String)" because "this.driver" is null
at com.TestNGChallenges.CrossBrowserTesting.getLogIn(CrossBrowserTesting.java:58)
... Removed 25 stack frames]]>
    </failure>
  </testcase> <!-- getLogIn -->
</testsuite> <!-- FireFoxTest -->
