<?xml version="1.0" encoding="UTF-8"?>
<!-- Generated by org.testng.reporters.JUnitXMLReporter -->
<testsuite ignored="0" hostname="Nasrin_1988" failures="0" tests="4" name="Test" time="4.379" errors="0" timestamp="17 May 2023 08:38:20 GMT">
  <testcase classname="com.TestNGChallenges.Parralleltesting" name="regressiontest" time="4.319"/>
  <testcase classname="com.TestNGChallenges.Parralleltesting" name="sanityTest" time="4.335"/>
  <testcase classname="com.TestNGChallenges.Parralleltesting" name="smokeTest" time="4.343"/>
  <testcase classname="com.TestNGChallenges.Parralleltesting" name="functionalTest" time="4.352"/>
</testsuite> <!-- Test -->
