<?xml version="1.0" encoding="UTF-8"?>
<testng-results ignored="0" total="1" passed="1" failed="0" skipped="0">
  <reporter-output>
  </reporter-output>
  <suite started-at="2023-05-16T17:43:58Z" name="Suite1" finished-at="2023-05-16T17:44:04Z" duration-ms="5554">
    <groups>
      <group name="cucumber">
        <method signature="AbstractTestNGCucumberTests.runScenario(io.cucumber.testng.PickleWrapper, io.cucumber.testng.FeatureWrapper)[pri:0, instance:sceondtest.tn.myrunner.MyRunner@76f2bbc1]" name="runScenario" class="io.cucumber.testng.AbstractTestNGCucumberTests"/>
      </group> <!-- cucumber -->
    </groups>
    <test started-at="2023-05-16T17:43:58Z" name="FunctionalTest" finished-at="2023-05-16T17:44:04Z" duration-ms="5554">
      <class name="sceondtest.tn.myrunner.MyRunner">
        <test-method is-config="true" signature="setUpClass()[pri:0, instance:sceondtest.tn.myrunner.MyRunner@76f2bbc1]" started-at="2023-05-16T17:43:58Z" name="setUpClass" finished-at="2023-05-16T17:43:58Z" duration-ms="210" status="PASS">
          <reporter-output>
          </reporter-output>
        </test-method> <!-- setUpClass -->
        <test-method signature="runScenario(io.cucumber.testng.PickleWrapper, io.cucumber.testng.FeatureWrapper)[pri:0, instance:sceondtest.tn.myrunner.MyRunner@76f2bbc1]" started-at="2023-05-16T17:43:58Z" name="runScenario" description="Runs Cucumber Scenarios" data-provider="scenarios" finished-at="2023-05-16T17:44:04Z" duration-ms="5268" status="PASS">
          <params>
            <param index="0">
              <value>
                <![CDATA["User Able To Login, Purchase And Download Invoice."]]>
              </value>
            </param>
            <param index="1">
              <value>
                <![CDATA["Optional[Valid Users Able To Download Invoice after purchase the order.]"]]>
              </value>
            </param>
          </params>
          <reporter-output>
          </reporter-output>
        </test-method> <!-- runScenario -->
        <test-method is-config="true" signature="tearDownClass()[pri:0, instance:sceondtest.tn.myrunner.MyRunner@76f2bbc1]" started-at="2023-05-16T17:44:04Z" name="tearDownClass" finished-at="2023-05-16T17:44:04Z" duration-ms="64" status="PASS">
          <reporter-output>
          </reporter-output>
        </test-method> <!-- tearDownClass -->
      </class> <!-- sceondtest.tn.myrunner.MyRunner -->
    </test> <!-- FunctionalTest -->
  </suite> <!-- Suite1 -->
</testng-results>
