<?xml version="1.0" encoding="UTF-8"?>
<testng-results ignored="0" total="3" passed="3" failed="0" skipped="0">
  <reporter-output>
  </reporter-output>
  <suite started-at="2023-05-16T15:26:08Z" name="Default suite" finished-at="2023-05-16T15:26:09Z" duration-ms="31">
    <groups>
    </groups>
    <test started-at="2023-05-16T15:26:08Z" name="Default test" finished-at="2023-05-16T15:26:09Z" duration-ms="31">
      <class name="com.TestNGChallenges.DependsOnMethod">
        <test-method signature="getOpenBrowser()[pri:0, instance:com.TestNGChallenges.DependsOnMethod@54504ecd]" started-at="2023-05-16T15:26:08Z" name="getOpenBrowser" finished-at="2023-05-16T15:26:08Z" duration-ms="8" status="PASS">
          <reporter-output>
          </reporter-output>
        </test-method> <!-- getOpenBrowser -->
        <test-method signature="getLogIn()[pri:0, instance:com.TestNGChallenges.DependsOnMethod@54504ecd]" started-at="2023-05-16T15:26:09Z" name="getLogIn" finished-at="2023-05-16T15:26:09Z" depends-on-methods="com.TestNGChallenges.DependsOnMethod.getOpenBrowser" duration-ms="1" status="PASS">
          <reporter-output>
          </reporter-output>
        </test-method> <!-- getLogIn -->
        <test-method signature="getCloseBrowser()[pri:0, instance:com.TestNGChallenges.DependsOnMethod@54504ecd]" started-at="2023-05-16T15:26:09Z" name="getCloseBrowser" finished-at="2023-05-16T15:26:09Z" depends-on-methods="com.TestNGChallenges.DependsOnMethod.getLogIn" duration-ms="0" status="PASS">
          <reporter-output>
          </reporter-output>
        </test-method> <!-- getCloseBrowser -->
      </class> <!-- com.TestNGChallenges.DependsOnMethod -->
    </test> <!-- Default test -->
  </suite> <!-- Default suite -->
</testng-results>
